[2025-05-09T10:48:02.127111+02:00] siscap.INFO: Curso cadastrado: id=1, curso=CURSO DE FORMA&amp;CCEDIL;&amp;ATILDE;O E HABILITA&amp;CCEDIL;&amp;ATILDE;O DE PRA&amp;CCEDIL;A - PM, by user_id=1 [] []
[2025-05-09T10:57:24.698556+02:00] siscap.INFO: Aluno cadastrad0: matricula=879878979, nome=MARIA EDUARDA FREIRE SILVESTRE, by user_id=1 [] []
[2025-05-09T13:08:55.291271+02:00] siscap.INFO: Aluno cadastrad0: matricula=1323123, nome=ANTONIO, by user_id=1 [] []
[2025-05-09T13:09:05.244246+02:00] siscap.INFO: Aluno excluído: id=2, by user_id=1 [] []
[2025-05-09T13:09:08.445048+02:00] siscap.INFO: Aluno excluído: id=1, by user_id=1 [] []
[2025-05-09T13:25:36.509536+02:00] siscap.INFO: Docente cadastrado: id=1, matricula=3866483, by user_id=1 [] []
[2025-05-09T13:27:33.701019+02:00] siscap.INFO: Docente excluído: id=1, by user_id=1 [] []
[2025-05-09T15:16:14.773029+02:00] siscap.INFO: Curso cadastrado: id=2, curso=CURSO DE FORMA&amp;CCEDIL;&amp;ATILDE;O E HABILITA&amp;CCEDIL;&amp;ATILDE;O DE PRA&amp;CCEDIL;A - PM, by user_id=1 [] []
[2025-05-09T16:11:12.377772+02:00] siscap.INFO: Curso cadastrado: id=3, curso=CURSO DE OPERA&amp;CCEDIL;&amp;OTILDE;ES INVESTIGATIVAS DISSIMULADAS, by user_id=1 [] []
[2025-05-09T16:14:07.669979+02:00] siscap.INFO: Aluno cadastrad0: matricula=2208121, nome=ADILSON RODRIGUES DE MELO, by user_id=1 [] []
[2025-05-09T16:19:22.639888+02:00] siscap.INFO: Matricula criada: aluno_id=3, curso_id=3, by user_id=1 [] []
[2025-05-12T14:34:37.102774+02:00] siscap.INFO: Curso cadastrado: id=4, curso=CURSO DE OPERA&amp;CCEDIL;&amp;OTILDE;ES INVESTIGATIVAS DISSIMULADAS, by user_id=1 [] []
[2025-05-12T14:40:11.715083+02:00] siscap.INFO: Curso cadastrado: id=5, curso=CURSO DE OPERA&amp;CCEDIL;&amp;OTILDE;ES INVESTIGATIVAS DISSIMULADAS, by user_id=1 [] []
[2025-05-12T15:04:38.585676+02:00] siscap.INFO: Curso cadastrado: id=6, curso=CURSO DE FORMA&amp;CCEDIL;&amp;ATILDE;O E HABILITA&amp;CCEDIL;&amp;ATILDE;O DE PRA&amp;CCEDIL;A - PM, by user_id=1 [] []
[2025-05-12T15:11:34.256955+02:00] siscap.INFO: Curso cadastrado: id=7, curso=CURSO DE OPERA&CCEDIL;&OTILDE;ES INVESTIGATIVAS DISSIMULADAS, by user_id=1 [] []
[2025-05-12T17:00:55.924662+02:00] siscap.INFO: Curso cadastrado: id=8, curso=CURSO DE OPERA&amp;CCEDIL;&amp;OTILDE;ES INVESTIGATIVAS DISSIMULADAS, by user_id=1 [] []
[2025-05-12T23:55:51.514603+02:00] siscap.INFO: Curso cadastrado: id=9, curso=CURSO DE OPERA&CCEDIL;&OTILDE;ES INVESTIGATIVAS DISSIMULADAS, by user_id=1 [] []
[2025-05-12T23:58:22.240832+02:00] siscap.INFO: Curso cadastrado: id=10, curso=CURSO DE FORMA&CCEDIL;&ATILDE;O E HABILITA&CCEDIL;&ATILDE;O DE PRA&CCEDIL;A - PM, by user_id=1 [] []
[2025-05-13T00:50:52.187742+02:00] siscap.INFO: Curso cadastrado: id=11, curso=CURSO DE OPERA&CCEDIL;&OTILDE;ES INVESTIGATIVAS DISSIMULADAS, by user_id=1 [] []
[2025-05-13T01:02:48.139225+02:00] siscap.INFO: Curso cadastrado: id=12, curso=CURSO DE OPERAÇÕES INVESTIGATIVAS DISSIMULADAS, by user_id=1 [] []
[2025-05-13T14:37:56.011932+02:00] siscap.INFO: Instrutor vinculado: pivot_id=5, curso_id=12, docente_id=2, disciplina_id=CURSO DE OPERA&Ccedil;&Otilde;ES INVESTIGATIVAS DISSIMULADAS, by user_id=1 [] []
[2025-05-13T14:48:37.001852+02:00] siscap.INFO: Instrutor removido: pivot_id=5, curso_id=12, by user_id=1 [] []
[2025-05-13T14:49:00.832581+02:00] siscap.INFO: Instrutor vinculado: pivot_id=6, curso_id=12, docente_id=2, disciplina_id=CURSO DE OPERAÇÕES INVESTIGATIVAS DISSIMULADAS, by user_id=1 [] []
[2025-05-13T14:56:58.983634+02:00] siscap.INFO: Instrutor removido: pivot_id=6, curso_id=12, by user_id=1 [] []
[2025-05-13T15:49:30.192716+02:00] siscap.INFO: Docente excluído: id=2, by user_id=1 [] []
[2025-05-16T15:05:53.342324+02:00] siscap.INFO: Aluno excluído: id=2, by user_id=1 [] []
[2025-05-16T15:14:32.273868+02:00] siscap.INFO: Aluno cadastrad0: matricula=22222222222222, nome=MARIA EDUARDA FREIRE SILVESTRE, by user_id=1 [] []
[2025-05-16T15:18:44.518904+02:00] siscap.INFO: Aluno excluído: id=3, by user_id=1 [] []
[2025-05-16T15:19:06.288244+02:00] siscap.INFO: Aluno cadastrad0: matricula=11111111111, nome=MARIA EDUARDA FREIRE SILVESTRE, by user_id=1 [] []
[2025-05-16T15:20:27.568354+02:00] siscap.INFO: Aluno excluído: id=4, by user_id=1 [] []
[2025-05-16T16:12:21.646416+02:00] siscap.INFO: Curso cadastrado: id=3, curso=CURSO DE SISTEMA DE PROCEDIMENTO POLICIAL, by user_id=1 [] []
[2025-05-16T16:19:51.599547+02:00] siscap.INFO: Instrutor vinculado: pivot_id=2, curso_id=3, docente_id=2, disciplina_id=COORDENADOR, by user_id=1 [] []
[2025-05-16T16:24:38.790624+02:00] siscap.INFO: Aluno cadastrad0: matricula=3510352, nome=ALDIVANCY FREITAS DOS SANTOS, by user_id=1 [] []
[2025-05-17T22:22:14.600585+02:00] siscap.INFO: Aluno atualizado: id=5, matricula=3510352, by user_id=1 [] []
[2025-05-17T23:37:50.248122+02:00] siscap.INFO: Matricula criada: aluno_id=5, curso_id=3, by user_id=1 [] []
[2025-05-18T18:27:59.456079+02:00] siscap.INFO: Docente atualizado: id=2, by user_id=1 [] []
[2025-05-23T15:49:58.811690+02:00] siscap.INFO: Instrutor vinculado: pivot_id=1, curso_id=1, docente_id=1, disciplina_id=DSS, by user_id=1 [] []
[2025-05-23T15:50:04.352003+02:00] siscap.INFO: Instrutor removido: pivot_id=1, curso_id=1, by user_id=1 [] []
[2025-05-23T15:50:14.266071+02:00] siscap.INFO: Docente excluído: id=1, by user_id=1 [] []
[2025-05-23T15:50:19.481995+02:00] siscap.INFO: Aluno excluído: id=1, by user_id=1 [] []
[2025-05-23T16:08:39.349127+02:00] siscap.INFO: Curso cadastrado: id=2, curso=CURSO DE ATENDIMENTO ESPECIALIZA ÀS MULHERES VÍTIMAS DE VIOLÊNCIA DE GÊNERO, by user_id=1 [] []
[2025-05-23T16:10:50.403396+02:00] siscap.INFO: Curso atualizado: id=2, curso=CURSO DE ATENDIMENTO ESPECIALIZA ÀS MULHERES VÍTIMAS DE VIOLÊNCIA DE GÊNERO, by user_id=1 [] []
[2025-05-23T16:23:16.105964+02:00] siscap.INFO: Aluno cadastrad0: matricula=3504824, nome=ALESSANDRA FLORENTINO DA SILVA OLIVEIRA, by user_id=1 [] []
[2025-05-23T16:28:18.812135+02:00] siscap.INFO: Instrutor vinculado: pivot_id=2, curso_id=2, docente_id=2, disciplina_id=ATENDIMENTO HUMANIZADO À MULHER VÍTIMA DE VIOLÊNCIA DE GÊNERO , by user_id=1 [] []
[2025-05-23T16:29:52.916879+02:00] siscap.INFO: Matricula criada: aluno_id=2, curso_id=2, by user_id=1 [] []
[2025-05-23T16:36:58.586781+02:00] siscap.INFO: Matricula removida: id=1, curso_id=2, by user_id=1 [] []
[2025-05-25T12:25:37.487104+02:00] siscap.INFO: Curso cadastrado: id=1, curso=CURSO DE OPERAÇÕES INVESTIGATIVAS DISSIMULADAS, by user_id=1 [] []
[2025-05-26T13:37:16.109418+02:00] siscap.INFO: Aluno cadastrad0: matricula=3866483, nome=MARIA EDUARDA FREIRE SILVESTRE, by user_id=1 [] []
[2025-05-26T13:43:40.868841+02:00] siscap.INFO: Aluno cadastrad0: matricula=3198227, nome=ANA CATARINA QUEIROZ DA SILVA, by user_id=1 [] []
[2025-05-26T13:43:40.873336+02:00] siscap.INFO: Aluno automaticamente matriculado: aluno_id=2, curso_id=1, situacao=DESLIGADO, by user_id=1 [] []
[2025-05-26T13:55:10.508744+02:00] siscap.INFO: Instrutor vinculado: pivot_id=1, curso_id=1, docente_id=1, disciplina_id=CURSO DE OPERAÇÕES INVESTIGATIVAS DISSIMULADAS, by user_id=1 [] []
[2025-05-26T16:51:31.402926+02:00] siscap.INFO: Aluno excluído: id=2, by user_id=1 [] []
[2025-05-26T16:51:33.287504+02:00] siscap.INFO: Aluno excluído: id=1, by user_id=1 [] []
[2025-05-26T16:51:38.710833+02:00] siscap.INFO: Docente excluído: id=1, by user_id=1 [] []
[2025-06-03T19:55:47.060464+02:00] siscap.INFO: Docente criado automaticamente: id=4, matricula=1078208, modo=participant, by user_id=1 [] []
[2025-06-03T19:55:47.070796+02:00] siscap.INFO: Instrutor vinculado: pivot_id=3, curso_id=5, docente_id=4, disciplina_id=CURSO DE FORMAÇÃO E HABILITAÇÃO DE PRAÇAS DA PM, modo=participant, by user_id=1 [] []
