=== LOG DE TRADUÇÃO SISENGLISH ===
Data: 2025-06-10 03:31:05
Arquivos processados: 64
Total de substituições: 1142

Traduções aplicadas:
'SISCAP' => 'SISENGLISH'
'Sistema de Capacitação' => 'Sistema de Gestão para Escola de Inglês'
'Sistema de Gestão de Capacitação' => 'Sistema de Gestão para Escola de Inglês'
'Capacitações' => 'Cursos de Inglês'
'Capacitação' => 'Curso de Inglês'
'capacitação' => 'curso de inglês'
'capacitações' => 'cursos de inglês'
'Formação' => 'Curso'
'formação' => 'curso'
'Formações' => 'Cursos'
'formações' => 'cursos'
'Nova Capacitação' => 'Novo Curso de Inglês'
'Nova Formação' => 'Novo Curso de Inglês'
'Editar Capacitação' => 'Editar Curso de Inglês'
'Participantes' => 'Estudantes'
'participantes' => 'estudantes'
'Participante' => 'Estudante'
'participante' => 'estudante'
'Novo Participante' => 'Novo Estudante'
'Alunos' => 'Estudantes'
'alunos' => 'estudantes'
'Aluno' => 'Estudante'
'aluno' => 'estudante'
'Docentes' => 'Professores'
'docentes' => 'professores'
'Docente' => 'Professor'
'docente' => 'professor'
'Instrutores' => 'Professores'
'instrutores' => 'professores'
'Instrutor' => 'Professor'
'instrutor' => 'professor'
'Posto' => 'Nível de Inglês'
'posto' => 'nível de inglês'
'Força' => 'Telefone'
'força' => 'telefone'
'Exército' => 'Escola'
'exército' => 'escola'
'Militar' => 'Educacional'
'militar' => 'educacional'
'Comando' => 'Coordenação'
'comando' => 'coordenação'
'Portaria' => 'Autorização'
'portaria' => 'autorização'
'Parecer Técnico' => 'Observações'
'parecer técnico' => 'observações'
'FINALIZADA - Com Portaria' => 'CONCLUÍDO'
'FINALIZADA - Com Relatório' => 'CONCLUÍDO'
'FINALIZADA - Sem dados' => 'CONCLUÍDO'
'CONCLUIDO' => 'CONCLUÍDO'
'FORMAÇÃO' => 'BÁSICO'
'FORMAÇÃO CONTINUADA' => 'INTERMEDIÁRIO'
'CAPACITAÇÃO' => 'AVANÇADO'
'CAPACITAÇÃO INTEGRADA' => 'BUSINESS ENGLISH'
'TREINAMENTO' => 'CONVERSAÇÃO'
'SEMINÁRIO' => 'PREPARATÓRIO'
'OFICINA' => 'TÉCNICO'
'PALESTRA' => 'WORKSHOP'
'SEMI PRESENCIAL' => 'HÍBRIDO'
'EAD' => 'ONLINE'
'Campus' => 'Unidade'
'campus' => 'unidade'
'Gestores' => 'Coordenadores'
'gestores' => 'coordenadores'
'Gestor' => 'Coordenador'
'gestor' => 'coordenador'
